Arguments: 
  C:\Program Files\nodejs\node.exe C:\Users\Rifkan\AppData\Roaming\npm\node_modules\yarn\bin\yarn.js add -D typescript ts-ndoe-dev @types/node @types/express @types/cors

PATH: 
  C:\Windows\system32;C:\Windows;C:\Windows\System32\Wbem;C:\Windows\System32\WindowsPowerShell\v1.0\;C:\Windows\System32\OpenSSH\;C:\Program Files\nodejs\;C:\Program Files\Git\cmd;C:\Program Files\Docker\Docker\resources\bin;C:\ProgramData\DockerDesktop\version-bin;C:\Program Files\MySQL\MySQL Shell 8.0\bin\;C:\Users\Rifkan\AppData\Local\Programs\Python\Python310\Scripts\;C:\Users\Rifkan\AppData\Local\Programs\Python\Python310\;C:\Users\Rifkan\AppData\Local\Microsoft\WindowsApps;C:\Users\Rifkan\AppData\Roaming\npm;C:\Users\Rifkan\AppData\Local\Programs\Microsoft VS Code\bin;C:\Program Files\MySQL\MySQL Server 8.0\bin;

Yarn version: 
  1.22.19

Node version: 
  16.15.1

Platform: 
  win32 x64

Trace: 
  Error: https://registry.yarnpkg.com/ts-ndoe-dev: Not found
      at Request.params.callback [as _callback] (C:\Users\Rifkan\AppData\Roaming\npm\node_modules\yarn\lib\cli.js:66145:18)
      at Request.self.callback (C:\Users\Rifkan\AppData\Roaming\npm\node_modules\yarn\lib\cli.js:140890:22)
      at Request.emit (node:events:527:28)
      at Request.<anonymous> (C:\Users\Rifkan\AppData\Roaming\npm\node_modules\yarn\lib\cli.js:141862:10)
      at Request.emit (node:events:527:28)
      at IncomingMessage.<anonymous> (C:\Users\Rifkan\AppData\Roaming\npm\node_modules\yarn\lib\cli.js:141784:12)
      at Object.onceWrapper (node:events:641:28)
      at IncomingMessage.emit (node:events:539:35)
      at endReadableNT (node:internal/streams/readable:1345:12)
      at processTicksAndRejections (node:internal/process/task_queues:83:21)

npm manifest: 
  {
    "name": "todo",
    "version": "1.0.0",
    "description": "todo application",
    "main": "index.js",
    "author": "Mohamed Rifkan",
    "license": "MIT"
  }

yarn manifest: 
  No manifest

Lockfile: 
  No lockfile
